<?xml version="1.0" encoding="UTF-8"?>
<!-- Generated by org.testng.reporters.JUnitXMLReporter -->
<testsuite ignored="0" hostname="DESKTOP-UOBU6AE" failures="0" tests="1" name="Default test(failed)" time="0.128" errors="0" timestamp="2024-04-25T16:20:31 IST">
  <testcase classname="testBase.BaseClass" name="@BeforeClass setup" time="-1.714042231034E9">
    <failure type="org.testng.TestNGException" message="
Parameter &amp;apos;browser&amp;apos; is required by BeforeClass on method setup but has not been marked @Optional or defined
in D:\JAVA\myworkspace\OrangeHRM\test-output\testng-failed.xml">
      <![CDATA[org.testng.TestNGException: 
Parameter 'browser' is required by BeforeClass on method setup but has not been marked @Optional or defined
in D:\JAVA\myworkspace\OrangeHRM\test-output\testng-failed.xml
at java.base/java.util.ArrayList.forEach(ArrayList.java:1541)
... Removed 22 stack frames]]>
    </failure>
  </testcase> <!-- @BeforeClass setup -->
  <testcase classname="testBase.BaseClass" name="@AfterClass tearpDown" time="0.0">
    <skipped/>
  </testcase> <!-- @AfterClass tearpDown -->
  <testcase classname="testCases.OrangeHrmTest" name="TestLogin" time="0.0">
    <skipped/>
  </testcase> <!-- TestLogin -->
</testsuite> <!-- Default test(failed) -->
